Created by PLY version 3.6 (http://www.dabeaz.com/ply)

Grammar

Rule 0     S' -> expression
Rule 1     expression -> OPAREN expression CPAREN
Rule 2     expression -> OPAREN CPAREN
Rule 3     expression -> expression expression
Rule 4     expression -> INT
Rule 5     expression -> FLOAT
Rule 6     expression -> STR
Rule 7     expression -> FUNC

Terminals, with rules where they appear

CPAREN               : 1 2
FLOAT                : 5
FUNC                 : 7
INT                  : 4
OPAREN               : 1 2
STR                  : 6
error                : 

Nonterminals, with rules where they appear

expression           : 1 3 3 0

Parsing method: LALR

state 0

    (0) S' -> . expression
    (1) expression -> . OPAREN expression CPAREN
    (2) expression -> . OPAREN CPAREN
    (3) expression -> . expression expression
    (4) expression -> . INT
    (5) expression -> . FLOAT
    (6) expression -> . STR
    (7) expression -> . FUNC

    OPAREN          shift and go to state 1
    INT             shift and go to state 4
    FLOAT           shift and go to state 2
    STR             shift and go to state 5
    FUNC            shift and go to state 3

    expression                     shift and go to state 6

state 1

    (1) expression -> OPAREN . expression CPAREN
    (2) expression -> OPAREN . CPAREN
    (1) expression -> . OPAREN expression CPAREN
    (2) expression -> . OPAREN CPAREN
    (3) expression -> . expression expression
    (4) expression -> . INT
    (5) expression -> . FLOAT
    (6) expression -> . STR
    (7) expression -> . FUNC

    CPAREN          shift and go to state 8
    OPAREN          shift and go to state 1
    INT             shift and go to state 4
    FLOAT           shift and go to state 2
    STR             shift and go to state 5
    FUNC            shift and go to state 3

    expression                     shift and go to state 7

state 2

    (5) expression -> FLOAT .

    CPAREN          reduce using rule 5 (expression -> FLOAT .)
    OPAREN          reduce using rule 5 (expression -> FLOAT .)
    INT             reduce using rule 5 (expression -> FLOAT .)
    FLOAT           reduce using rule 5 (expression -> FLOAT .)
    STR             reduce using rule 5 (expression -> FLOAT .)
    FUNC            reduce using rule 5 (expression -> FLOAT .)
    $end            reduce using rule 5 (expression -> FLOAT .)


state 3

    (7) expression -> FUNC .

    CPAREN          reduce using rule 7 (expression -> FUNC .)
    OPAREN          reduce using rule 7 (expression -> FUNC .)
    INT             reduce using rule 7 (expression -> FUNC .)
    FLOAT           reduce using rule 7 (expression -> FUNC .)
    STR             reduce using rule 7 (expression -> FUNC .)
    FUNC            reduce using rule 7 (expression -> FUNC .)
    $end            reduce using rule 7 (expression -> FUNC .)


state 4

    (4) expression -> INT .

    CPAREN          reduce using rule 4 (expression -> INT .)
    OPAREN          reduce using rule 4 (expression -> INT .)
    INT             reduce using rule 4 (expression -> INT .)
    FLOAT           reduce using rule 4 (expression -> INT .)
    STR             reduce using rule 4 (expression -> INT .)
    FUNC            reduce using rule 4 (expression -> INT .)
    $end            reduce using rule 4 (expression -> INT .)


state 5

    (6) expression -> STR .

    CPAREN          reduce using rule 6 (expression -> STR .)
    OPAREN          reduce using rule 6 (expression -> STR .)
    INT             reduce using rule 6 (expression -> STR .)
    FLOAT           reduce using rule 6 (expression -> STR .)
    STR             reduce using rule 6 (expression -> STR .)
    FUNC            reduce using rule 6 (expression -> STR .)
    $end            reduce using rule 6 (expression -> STR .)


state 6

    (0) S' -> expression .
    (3) expression -> expression . expression
    (1) expression -> . OPAREN expression CPAREN
    (2) expression -> . OPAREN CPAREN
    (3) expression -> . expression expression
    (4) expression -> . INT
    (5) expression -> . FLOAT
    (6) expression -> . STR
    (7) expression -> . FUNC

    OPAREN          shift and go to state 1
    INT             shift and go to state 4
    FLOAT           shift and go to state 2
    STR             shift and go to state 5
    FUNC            shift and go to state 3

    expression                     shift and go to state 9

state 7

    (1) expression -> OPAREN expression . CPAREN
    (3) expression -> expression . expression
    (1) expression -> . OPAREN expression CPAREN
    (2) expression -> . OPAREN CPAREN
    (3) expression -> . expression expression
    (4) expression -> . INT
    (5) expression -> . FLOAT
    (6) expression -> . STR
    (7) expression -> . FUNC

    CPAREN          shift and go to state 10
    OPAREN          shift and go to state 1
    INT             shift and go to state 4
    FLOAT           shift and go to state 2
    STR             shift and go to state 5
    FUNC            shift and go to state 3

    expression                     shift and go to state 9

state 8

    (2) expression -> OPAREN CPAREN .

    CPAREN          reduce using rule 2 (expression -> OPAREN CPAREN .)
    OPAREN          reduce using rule 2 (expression -> OPAREN CPAREN .)
    INT             reduce using rule 2 (expression -> OPAREN CPAREN .)
    FLOAT           reduce using rule 2 (expression -> OPAREN CPAREN .)
    STR             reduce using rule 2 (expression -> OPAREN CPAREN .)
    FUNC            reduce using rule 2 (expression -> OPAREN CPAREN .)
    $end            reduce using rule 2 (expression -> OPAREN CPAREN .)


state 9

    (3) expression -> expression expression .
    (3) expression -> expression . expression
    (1) expression -> . OPAREN expression CPAREN
    (2) expression -> . OPAREN CPAREN
    (3) expression -> . expression expression
    (4) expression -> . INT
    (5) expression -> . FLOAT
    (6) expression -> . STR
    (7) expression -> . FUNC

  ! shift/reduce conflict for OPAREN resolved as shift
  ! shift/reduce conflict for INT resolved as shift
  ! shift/reduce conflict for FLOAT resolved as shift
  ! shift/reduce conflict for STR resolved as shift
  ! shift/reduce conflict for FUNC resolved as shift
    CPAREN          reduce using rule 3 (expression -> expression expression .)
    $end            reduce using rule 3 (expression -> expression expression .)
    OPAREN          shift and go to state 1
    INT             shift and go to state 4
    FLOAT           shift and go to state 2
    STR             shift and go to state 5
    FUNC            shift and go to state 3

  ! OPAREN          [ reduce using rule 3 (expression -> expression expression .) ]
  ! INT             [ reduce using rule 3 (expression -> expression expression .) ]
  ! FLOAT           [ reduce using rule 3 (expression -> expression expression .) ]
  ! STR             [ reduce using rule 3 (expression -> expression expression .) ]
  ! FUNC            [ reduce using rule 3 (expression -> expression expression .) ]

    expression                     shift and go to state 9

state 10

    (1) expression -> OPAREN expression CPAREN .

    CPAREN          reduce using rule 1 (expression -> OPAREN expression CPAREN .)
    OPAREN          reduce using rule 1 (expression -> OPAREN expression CPAREN .)
    INT             reduce using rule 1 (expression -> OPAREN expression CPAREN .)
    FLOAT           reduce using rule 1 (expression -> OPAREN expression CPAREN .)
    STR             reduce using rule 1 (expression -> OPAREN expression CPAREN .)
    FUNC            reduce using rule 1 (expression -> OPAREN expression CPAREN .)
    $end            reduce using rule 1 (expression -> OPAREN expression CPAREN .)

WARNING: 
WARNING: Conflicts:
WARNING: 
WARNING: shift/reduce conflict for OPAREN in state 9 resolved as shift
WARNING: shift/reduce conflict for INT in state 9 resolved as shift
WARNING: shift/reduce conflict for FLOAT in state 9 resolved as shift
WARNING: shift/reduce conflict for STR in state 9 resolved as shift
WARNING: shift/reduce conflict for FUNC in state 9 resolved as shift
